[{"line":1,"elements":[{"start_timestamp":"2024-08-26T10:44:06.566Z","line":2,"name":"Failure while executing Cucumber","description":"","id":"failure;failure-while-executing-cucumber","type":"scenario","keyword":"Scenario","steps":[{"result":{"duration":0,"status":"passed"},"line":3,"name":"Cucumber failed while executing","match":{"arguments":[],"location":"io.cucumber.core.Failure.failure_while_executing_cucumber()"},"keyword":"When "},{"result":{"duration":0,"error_message":"io.cucumber.core.exception.CompositeCucumberException: There were 2 exceptions. The details are in the stacktrace below.\r\n\tat io.cucumber.core.runtime.RethrowingThrowableCollector.getThrowable(RethrowingThrowableCollector.java:57)\r\n\tat io.cucumber.core.runtime.CucumberExecutionContext.getThrowable(CucumberExecutionContext.java:108)\r\n\tat io.cucumber.core.runtime.CucumberExecutionContext.finishTestRun(CucumberExecutionContext.java:103)\r\n\tat io.cucumber.core.runtime.CucumberExecutionContext.runFeatures(CucumberExecutionContext.java:152)\r\n\tat io.cucumber.junit.Cucumber$StartAndFinishTestRun.evaluate(Cucumber.java:226)\r\n\tat org.junit.runners.ParentRunner$3.evaluate(ParentRunner.java:306)\r\n\tat org.junit.runners.ParentRunner.run(ParentRunner.java:413)\r\n\tat org.junit.runner.JUnitCore.run(JUnitCore.java:137)\r\n\tat com.intellij.junit4.JUnit4IdeaTestRunner.startRunnerWithArgs(JUnit4IdeaTestRunner.java:69)\r\n\tat com.intellij.rt.junit.IdeaTestRunner$Repeater$1.execute(IdeaTestRunner.java:38)\r\n\tat com.intellij.rt.execution.junit.TestsRepeater.repeat(TestsRepeater.java:11)\r\n\tat com.intellij.rt.junit.IdeaTestRunner$Repeater.startRunnerWithArgs(IdeaTestRunner.java:35)\r\n\tat com.intellij.rt.junit.JUnitStarter.prepareStreamsAndStart(JUnitStarter.java:232)\r\n\tat com.intellij.rt.junit.JUnitStarter.main(JUnitStarter.java:55)\r\n\tSuppressed: io.cucumber.java.InvalidMethodSignatureException: A method annotated with Before, After, BeforeStep or AfterStep must have one of these signatures:\n * public void before_or_after(io.cucumber.java.Scenario scenario)\n * public void before_or_after()\nat stepDefinitions.Hooks.waitForElement(org.openqa.selenium.WebDriver,org.openqa.selenium.WebElement,int)\n\n\r\n\t\tat io.cucumber.java.InvalidMethodSignatureException$InvalidMethodSignatureExceptionBuilder.build(InvalidMethodSignatureException.java:52)\r\n\t\tat io.cucumber.java.JavaHookDefinition.createInvalidSignatureException(JavaHookDefinition.java:52)\r\n\t\tat io.cucumber.java.JavaHookDefinition.requireValidMethod(JavaHookDefinition.java:27)\r\n\t\tat io.cucumber.java.JavaHookDefinition.<init>(JavaHookDefinition.java:19)\r\n\t\tat io.cucumber.java.GlueAdaptor.addDefinition(GlueAdaptor.java:41)\r\n\t\tat io.cucumber.java.JavaBackend.lambda$loadGlue$1(JavaBackend.java:43)\r\n\t\tat io.cucumber.java.MethodScanner.scan(MethodScanner.java:78)\r\n\t\tat io.cucumber.java.MethodScanner.scan(MethodScanner.java:69)\r\n\t\tat io.cucumber.java.MethodScanner.scan(MethodScanner.java:33)\r\n\t\tat io.cucumber.java.JavaBackend.lambda$loadGlue$2(JavaBackend.java:41)\r\n\t\tat java.base/java.util.stream.ForEachOps$ForEachOp$OfRef.accept(ForEachOps.java:184)\r\n\t\tat java.base/java.util.stream.DistinctOps$1$2.accept(DistinctOps.java:174)\r\n\t\tat java.base/java.util.ArrayList$ArrayListSpliterator.forEachRemaining(ArrayList.java:1709)\r\n\t\tat java.base/java.util.stream.ReferencePipeline$Head.forEach(ReferencePipeline.java:782)\r\n\t\tat java.base/java.util.stream.ReferencePipeline$7$1.accept(ReferencePipeline.java:291)\r\n\t\tat java.base/java.util.stream.ReferencePipeline$3$1.accept(ReferencePipeline.java:212)\r\n\t\tat java.base/java.util.stream.ReferencePipeline$3$1.accept(ReferencePipeline.java:212)\r\n\t\tat java.base/java.util.stream.ReferencePipeline$2$1.accept(ReferencePipeline.java:194)\r\n\t\tat java.base/java.util.ArrayList$ArrayListSpliterator.forEachRemaining(ArrayList.java:1709)\r\n\t\tat java.base/java.util.stream.AbstractPipeline.copyInto(AbstractPipeline.java:556)\r\n\t\tat java.base/java.util.stream.AbstractPipeline.wrapAndCopyInto(AbstractPipeline.java:546)\r\n\t\tat java.base/java.util.stream.ForEachOps$ForEachOp.evaluateSequential(ForEachOps.java:151)\r\n\t\tat java.base/java.util.stream.ForEachOps$ForEachOp$OfRef.evaluateSequential(ForEachOps.java:174)\r\n\t\tat java.base/java.util.stream.AbstractPipeline.evaluate(AbstractPipeline.java:265)\r\n\t\tat java.base/java.util.stream.ReferencePipeline.forEach(ReferencePipeline.java:611)\r\n\t\tat io.cucumber.java.JavaBackend.loadGlue(JavaBackend.java:41)\r\n\t\tat io.cucumber.core.runner.Runner.<init>(Runner.java:56)\r\n\t\tat io.cucumber.core.runtime.ThreadLocalRunnerSupplier.createRunner(ThreadLocalRunnerSupplier.java:47)\r\n\t\tat java.base/java.lang.ThreadLocal$SuppliedThreadLocal.initialValue(ThreadLocal.java:357)\r\n\t\tat java.base/java.lang.ThreadLocal.setInitialValue(ThreadLocal.java:225)\r\n\t\tat java.base/java.lang.ThreadLocal.get(ThreadLocal.java:194)\r\n\t\tat java.base/java.lang.ThreadLocal.get(ThreadLocal.java:172)\r\n\t\tat io.cucumber.core.runtime.ThreadLocalRunnerSupplier.get(ThreadLocalRunnerSupplier.java:40)\r\n\t\tat io.cucumber.core.runtime.RethrowingThrowableCollector.executeAndThrow(RethrowingThrowableCollector.java:35)\r\n\t\tat io.cucumber.core.runtime.CucumberExecutionContext.getRunner(CucumberExecutionContext.java:140)\r\n\t\tat io.cucumber.core.runtime.CucumberExecutionContext.runBeforeAllHooks(CucumberExecutionContext.java:92)\r\n\t\tat io.cucumber.core.runtime.CucumberExecutionContext.lambda$runFeatures$6(CucumberExecutionContext.java:146)\r\n\t\tat io.cucumber.core.runtime.CucumberExecutionContext.execute(CucumberExecutionContext.java:162)\r\n\t\tat io.cucumber.core.runtime.CucumberExecutionContext.runFeatures(CucumberExecutionContext.java:145)\r\n\t\t... 10 more\r\n\tSuppressed: io.cucumber.java.InvalidMethodSignatureException: A method annotated with Before, After, BeforeStep or AfterStep must have one of these signatures:\n * public void before_or_after(io.cucumber.java.Scenario scenario)\n * public void before_or_after()\nat stepDefinitions.Hooks.waitForElement(org.openqa.selenium.WebDriver,org.openqa.selenium.WebElement,int)\n\n\r\n\t\tat io.cucumber.java.InvalidMethodSignatureException$InvalidMethodSignatureExceptionBuilder.build(InvalidMethodSignatureException.java:52)\r\n\t\tat io.cucumber.java.JavaHookDefinition.createInvalidSignatureException(JavaHookDefinition.java:52)\r\n\t\tat io.cucumber.java.JavaHookDefinition.requireValidMethod(JavaHookDefinition.java:27)\r\n\t\tat io.cucumber.java.JavaHookDefinition.<init>(JavaHookDefinition.java:19)\r\n\t\tat io.cucumber.java.GlueAdaptor.addDefinition(GlueAdaptor.java:41)\r\n\t\tat io.cucumber.java.JavaBackend.lambda$loadGlue$1(JavaBackend.java:43)\r\n\t\tat io.cucumber.java.MethodScanner.scan(MethodScanner.java:78)\r\n\t\tat io.cucumber.java.MethodScanner.scan(MethodScanner.java:69)\r\n\t\tat io.cucumber.java.MethodScanner.scan(MethodScanner.java:33)\r\n\t\tat io.cucumber.java.JavaBackend.lambda$loadGlue$2(JavaBackend.java:41)\r\n\t\tat java.base/java.util.stream.ForEachOps$ForEachOp$OfRef.accept(ForEachOps.java:184)\r\n\t\tat java.base/java.util.stream.DistinctOps$1$2.accept(DistinctOps.java:174)\r\n\t\tat java.base/java.util.ArrayList$ArrayListSpliterator.forEachRemaining(ArrayList.java:1709)\r\n\t\tat java.base/java.util.stream.ReferencePipeline$Head.forEach(ReferencePipeline.java:782)\r\n\t\tat java.base/java.util.stream.ReferencePipeline$7$1.accept(ReferencePipeline.java:291)\r\n\t\tat java.base/java.util.stream.ReferencePipeline$3$1.accept(ReferencePipeline.java:212)\r\n\t\tat java.base/java.util.stream.ReferencePipeline$3$1.accept(ReferencePipeline.java:212)\r\n\t\tat java.base/java.util.stream.ReferencePipeline$2$1.accept(ReferencePipeline.java:194)\r\n\t\tat java.base/java.util.ArrayList$ArrayListSpliterator.forEachRemaining(ArrayList.java:1709)\r\n\t\tat java.base/java.util.stream.AbstractPipeline.copyInto(AbstractPipeline.java:556)\r\n\t\tat java.base/java.util.stream.AbstractPipeline.wrapAndCopyInto(AbstractPipeline.java:546)\r\n\t\tat java.base/java.util.stream.ForEachOps$ForEachOp.evaluateSequential(ForEachOps.java:151)\r\n\t\tat java.base/java.util.stream.ForEachOps$ForEachOp$OfRef.evaluateSequential(ForEachOps.java:174)\r\n\t\tat java.base/java.util.stream.AbstractPipeline.evaluate(AbstractPipeline.java:265)\r\n\t\tat java.base/java.util.stream.ReferencePipeline.forEach(ReferencePipeline.java:611)\r\n\t\tat io.cucumber.java.JavaBackend.loadGlue(JavaBackend.java:41)\r\n\t\tat io.cucumber.core.runner.Runner.<init>(Runner.java:56)\r\n\t\tat io.cucumber.core.runtime.ThreadLocalRunnerSupplier.createRunner(ThreadLocalRunnerSupplier.java:47)\r\n\t\tat java.base/java.lang.ThreadLocal$SuppliedThreadLocal.initialValue(ThreadLocal.java:357)\r\n\t\tat java.base/java.lang.ThreadLocal.setInitialValue(ThreadLocal.java:225)\r\n\t\tat java.base/java.lang.ThreadLocal.get(ThreadLocal.java:194)\r\n\t\tat java.base/java.lang.ThreadLocal.get(ThreadLocal.java:172)\r\n\t\tat io.cucumber.core.runtime.ThreadLocalRunnerSupplier.get(ThreadLocalRunnerSupplier.java:40)\r\n\t\tat io.cucumber.core.runtime.RethrowingThrowableCollector.executeAndThrow(RethrowingThrowableCollector.java:35)\r\n\t\tat io.cucumber.core.runtime.CucumberExecutionContext.getRunner(CucumberExecutionContext.java:140)\r\n\t\tat io.cucumber.core.runtime.CucumberExecutionContext.runAfterAllHooks(CucumberExecutionContext.java:97)\r\n\t\tat io.cucumber.core.runtime.CucumberExecutionContext.execute(CucumberExecutionContext.java:162)\r\n\t\tat io.cucumber.core.runtime.CucumberExecutionContext.runFeatures(CucumberExecutionContext.java:150)\r\n\t\t... 10 more\r\n","status":"failed"},"line":4,"name":"Cucumber will report this error:","match":{"arguments":[],"location":"io.cucumber.core.Failure.cucumber_reports_this_error()"},"keyword":"Then "}]}],"name":"Test run failed","description":"There were errors during the execution","id":"failure","keyword":"Feature","uri":"classpath:io/cucumber/core/failure.feature","tags":[]}]